<?xml version="1.0" encoding="UTF-8"?>
<!-- Generated by org.testng.reporters.JUnitXMLReporter -->
<testsuite hostname="Aashi" ignored="0" name="Surefire test" tests="5" failures="0" timestamp="2023-06-23T23:58:26 IST" time="44.277" errors="0">
  <testcase name="verifyInvalidLogin" time="1.018" classname="seleniumProject.ErrorValidationsTest"/>
  <testcase name="verifyProductInCart" time="3.638" classname="seleniumProject.ErrorValidationsTest"/>
  <testcase name="submitOrder" time="7.538" classname="seleniumProject.StandAloneTestUpdatedTest"/>
  <testcase name="submitOrder" time="7.331" classname="seleniumProject.StandAloneTestUpdatedTest"/>
  <testcase name="orderVerification" time="1.838" classname="seleniumProject.StandAloneTestUpdatedTest"/>
</testsuite> <!-- Surefire test -->
