<?xml version="1.0" encoding="UTF-8"?>
<testng-results skipped="0" failed="0" ignored="0" total="1" passed="1">
  <reporter-output>
  </reporter-output>
  <suite name="Surefire suite" duration-ms="13315" started-at="2023-06-24T00:03:59 IST" finished-at="2023-06-24T00:04:12 IST">
    <groups>
      <group name="cucumber">
        <method signature="AbstractTestNGCucumberTests.runScenario(io.cucumber.testng.PickleWrapper,io.cucumber.testng.FeatureWrapper)[pri:0, instance:cucumber.TestNGTestRunner@25af5db5]" name="runScenario" class="io.cucumber.testng.AbstractTestNGCucumberTests"/>
      </group> <!-- cucumber -->
    </groups>
    <test name="Surefire test" duration-ms="13315" started-at="2023-06-24T00:03:59 IST" finished-at="2023-06-24T00:04:12 IST">
      <class name="cucumber.TestNGTestRunner">
        <test-method status="PASS" signature="setUpClass(org.testng.ITestContext)[pri:0, instance:cucumber.TestNGTestRunner@25af5db5]" name="setUpClass" is-config="true" duration-ms="761" started-at="2023-06-24T00:03:59 IST" finished-at="2023-06-24T00:03:59 IST">
          <params>
            <param index="0">
              <value>
                <![CDATA[org.testng.TestRunner@56afdf9a]]>
              </value>
            </param>
          </params>
          <reporter-output>
          </reporter-output>
        </test-method> <!-- setUpClass -->
        <test-method status="PASS" signature="runScenario(io.cucumber.testng.PickleWrapper,io.cucumber.testng.FeatureWrapper)[pri:0, instance:cucumber.TestNGTestRunner@25af5db5]" name="runScenario" duration-ms="12457" started-at="2023-06-24T00:03:59 IST" description="Runs Cucumber Scenarios" data-provider="scenarios" finished-at="2023-06-24T00:04:12 IST">
          <params>
            <param index="0">
              <value>
                <![CDATA["Positive test of Submitting the order"]]>
              </value>
            </param>
            <param index="1">
              <value>
                <![CDATA["Purchase the order from Ecommerce Website"]]>
              </value>
            </param>
          </params>
          <reporter-output>
          </reporter-output>
        </test-method> <!-- runScenario -->
        <test-method status="PASS" signature="tearDownClass()[pri:0, instance:cucumber.TestNGTestRunner@25af5db5]" name="tearDownClass" is-config="true" duration-ms="61" started-at="2023-06-24T00:04:12 IST" finished-at="2023-06-24T00:04:12 IST">
          <reporter-output>
          </reporter-output>
        </test-method> <!-- tearDownClass -->
      </class> <!-- cucumber.TestNGTestRunner -->
    </test> <!-- Surefire test -->
  </suite> <!-- Surefire suite -->
</testng-results>
