<?xml version="1.0" encoding="UTF-8"?>
<testng-results ignored="0" total="1" passed="1" failed="0" skipped="0">
  <reporter-output>
  </reporter-output>
  <suite started-at="2023-06-07T10:49:25 IST" name="Default suite" finished-at="2023-06-07T10:49:25 IST" duration-ms="98">
    <groups>
    </groups>
    <test started-at="2023-06-07T10:49:25 IST" name="Default test" finished-at="2023-06-07T10:49:25 IST" duration-ms="98">
      <class name="test.ps1">
        <test-method is-config="true" signature="beforeRun()[pri:0, instance:test.ps1@29e495ff]" started-at="2023-06-07T10:49:25 IST" name="beforeRun" finished-at="2023-06-07T10:49:25 IST" duration-ms="14" status="PASS">
          <reporter-output>
          </reporter-output>
        </test-method> <!-- beforeRun -->
        <test-method signature="testRun()[pri:0, instance:test.ps1@29e495ff]" started-at="2023-06-07T10:49:25 IST" name="testRun" finished-at="2023-06-07T10:49:25 IST" duration-ms="13" status="PASS">
          <reporter-output>
          </reporter-output>
        </test-method> <!-- testRun -->
        <test-method is-config="true" signature="afterRun()[pri:0, instance:test.ps1@29e495ff]" started-at="2023-06-07T10:49:25 IST" name="afterRun" finished-at="2023-06-07T10:49:25 IST" duration-ms="1" status="PASS">
          <reporter-output>
          </reporter-output>
        </test-method> <!-- afterRun -->
      </class> <!-- test.ps1 -->
    </test> <!-- Default test -->
  </suite> <!-- Default suite -->
</testng-results>
