<?xml version="1.0" encoding="UTF-8"?>
<testng-results ignored="0" total="3" passed="3" failed="0" skipped="0">
  <reporter-output>
  </reporter-output>
  <suite started-at="2023-06-28T18:28:01 IST" name="Default suite" finished-at="2023-06-28T18:28:02 IST" duration-ms="952">
    <groups>
    </groups>
    <test started-at="2023-06-28T18:28:01 IST" name="Default test" finished-at="2023-06-28T18:28:02 IST" duration-ms="952">
      <class name="Fremwork.ExcelDriven.DataProviderExcel">
        <test-method signature="readExcelData(java.lang.String,java.lang.String,java.lang.String)[pri:0, instance:Fremwork.ExcelDriven.DataProviderExcel@5fbdfdcf]" started-at="2023-06-28T18:28:02 IST" name="readExcelData" data-provider="driveTest" finished-at="2023-06-28T18:28:02 IST" duration-ms="8" status="PASS">
          <params>
            <param index="0">
              <value>
                <![CDATA[hello]]>
              </value>
            </param>
            <param index="1">
              <value>
                <![CDATA[text ]]>
              </value>
            </param>
            <param index="2">
              <value>
                <![CDATA[1]]>
              </value>
            </param>
          </params>
          <reporter-output>
          </reporter-output>
        </test-method> <!-- readExcelData -->
        <test-method signature="readExcelData(java.lang.String,java.lang.String,java.lang.String)[pri:0, instance:Fremwork.ExcelDriven.DataProviderExcel@5fbdfdcf]" started-at="2023-06-28T18:28:02 IST" name="readExcelData" data-provider="driveTest" finished-at="2023-06-28T18:28:02 IST" duration-ms="2" status="PASS">
          <params>
            <param index="0">
              <value>
                <![CDATA[bye]]>
              </value>
            </param>
            <param index="1">
              <value>
                <![CDATA[message]]>
              </value>
            </param>
            <param index="2">
              <value>
                <![CDATA[143]]>
              </value>
            </param>
          </params>
          <reporter-output>
          </reporter-output>
        </test-method> <!-- readExcelData -->
        <test-method signature="readExcelData(java.lang.String,java.lang.String,java.lang.String)[pri:0, instance:Fremwork.ExcelDriven.DataProviderExcel@5fbdfdcf]" started-at="2023-06-28T18:28:02 IST" name="readExcelData" data-provider="driveTest" finished-at="2023-06-28T18:28:02 IST" duration-ms="2" status="PASS">
          <params>
            <param index="0">
              <value>
                <![CDATA[solo]]>
              </value>
            </param>
            <param index="1">
              <value>
                <![CDATA[call]]>
              </value>
            </param>
            <param index="2">
              <value>
                <![CDATA[453]]>
              </value>
            </param>
          </params>
          <reporter-output>
          </reporter-output>
        </test-method> <!-- readExcelData -->
      </class> <!-- Fremwork.ExcelDriven.DataProviderExcel -->
    </test> <!-- Default test -->
  </suite> <!-- Default suite -->
</testng-results>
