<?xml version="1.0" encoding="UTF-8"?>
<!-- Generated by org.testng.reporters.JUnitXMLReporter -->
<testsuite ignored="0" hostname="Aashi" failures="0" tests="3" name="StandAloneTestUpdated" time="28.415" errors="0" timestamp="2023-06-22T23:27:28 IST">
  <testcase classname="seleniumProject.StandAloneTestUpdatedTest" name="submitOrder" time="7.513"/>
  <testcase classname="seleniumProject.StandAloneTestUpdatedTest" name="submitOrder" time="7.161"/>
  <testcase classname="seleniumProject.StandAloneTestUpdatedTest" name="orderVerification" time="1.621"/>
</testsuite> <!-- StandAloneTestUpdated -->
