<?xml version="1.0" encoding="UTF-8"?>
<testng-results ignored="3" total="5" passed="2" failed="0" skipped="0">
  <reporter-output>
  </reporter-output>
  <suite started-at="2023-06-20T18:50:25 IST" name="Suite" finished-at="2023-06-20T18:50:47 IST" duration-ms="22407">
    <groups>
      <group name="Purchase">
        <method signature="StandAloneTestUpdatedTest.submitOrder(java.util.HashMap)[pri:0, instance:seleniumProject.StandAloneTestUpdatedTest@45099dd3]" name="submitOrder" class="seleniumProject.StandAloneTestUpdatedTest"/>
      </group> <!-- Purchase -->
    </groups>
    <test started-at="2023-06-20T18:50:25 IST" name="ErrorValidations" finished-at="2023-06-20T18:50:25 IST" duration-ms="13">
    </test> <!-- ErrorValidations -->
    <test started-at="2023-06-20T18:50:25 IST" name="StandAloneTestUpdated" finished-at="2023-06-20T18:50:47 IST" duration-ms="22291">
      <class name="seleniumProject.StandAloneTestUpdatedTest">
        <test-method is-config="true" signature="launchApplication()[pri:0, instance:seleniumProject.StandAloneTestUpdatedTest@45099dd3]" started-at="2023-06-20T18:50:25 IST" name="launchApplication" finished-at="2023-06-20T18:50:30 IST" duration-ms="4821" status="PASS">
          <reporter-output>
          </reporter-output>
        </test-method> <!-- launchApplication -->
        <test-method signature="submitOrder(java.util.HashMap)[pri:0, instance:seleniumProject.StandAloneTestUpdatedTest@45099dd3]" started-at="2023-06-20T18:50:30 IST" name="submitOrder" data-provider="getData" finished-at="2023-06-20T18:50:37 IST" duration-ms="6744" status="PASS">
          <params>
            <param index="0">
              <value>
                <![CDATA[{product=ZARA COAT 3, pass=P@ssword!, email=vipin.dhiman21@gmail.com}]]>
              </value>
            </param>
          </params>
          <reporter-output>
          </reporter-output>
        </test-method> <!-- submitOrder -->
        <test-method is-config="true" signature="closeBrowser()[pri:0, instance:seleniumProject.StandAloneTestUpdatedTest@45099dd3]" started-at="2023-06-20T18:50:37 IST" name="closeBrowser" finished-at="2023-06-20T18:50:37 IST" duration-ms="63" status="PASS">
          <reporter-output>
          </reporter-output>
        </test-method> <!-- closeBrowser -->
        <test-method is-config="true" signature="launchApplication()[pri:0, instance:seleniumProject.StandAloneTestUpdatedTest@45099dd3]" started-at="2023-06-20T18:50:37 IST" name="launchApplication" finished-at="2023-06-20T18:50:40 IST" duration-ms="3337" status="PASS">
          <reporter-output>
          </reporter-output>
        </test-method> <!-- launchApplication -->
        <test-method signature="submitOrder(java.util.HashMap)[pri:0, instance:seleniumProject.StandAloneTestUpdatedTest@45099dd3]" started-at="2023-06-20T18:50:40 IST" name="submitOrder" data-provider="getData" finished-at="2023-06-20T18:50:47 IST" duration-ms="7018" status="PASS">
          <params>
            <param index="0">
              <value>
                <![CDATA[{product=ADIDAS ORIGINAL, pass=@Vipin123, email=vipin.dhiman.qasource@gmail.com}]]>
              </value>
            </param>
          </params>
          <reporter-output>
          </reporter-output>
        </test-method> <!-- submitOrder -->
        <test-method is-config="true" signature="closeBrowser()[pri:0, instance:seleniumProject.StandAloneTestUpdatedTest@45099dd3]" started-at="2023-06-20T18:50:47 IST" name="closeBrowser" finished-at="2023-06-20T18:50:47 IST" duration-ms="62" status="PASS">
          <reporter-output>
          </reporter-output>
        </test-method> <!-- closeBrowser -->
      </class> <!-- seleniumProject.StandAloneTestUpdatedTest -->
    </test> <!-- StandAloneTestUpdated -->
  </suite> <!-- Suite -->
</testng-results>
