<?xml version="1.0" encoding="UTF-8"?>
<!-- Generated by org.testng.reporters.JUnitXMLReporter -->
<testsuite ignored="2" hostname="Aashi" failures="0" tests="0" time="0.013" errors="0" timestamp="2023-06-20T18:50:25 IST">
  <testcase classname="seleniumProject.ErrorValidationsTest" name="verifyProductInCart" time="0.0">
    <ignored/>
  </testcase> <!-- verifyProductInCart -->
  <testcase classname="seleniumProject.ErrorValidationsTest" name="verifyInvalidLogin" time="0.0">
    <ignored/>
  </testcase> <!-- verifyInvalidLogin -->
</testsuite>
