<?xml version="1.0" encoding="UTF-8"?>
<!-- Generated by org.testng.reporters.JUnitXMLReporter -->
<testsuite ignored="1" hostname="Aashi" failures="0" tests="2" name="StandAloneTestUpdated" time="22.291" errors="0" timestamp="2023-06-20T18:50:47 IST">
  <testcase classname="seleniumProject.StandAloneTestUpdatedTest" name="submitOrder" time="6.744"/>
  <testcase classname="seleniumProject.StandAloneTestUpdatedTest" name="submitOrder" time="7.018"/>
  <testcase classname="seleniumProject.StandAloneTestUpdatedTest" name="orderVerification" time="0.0">
    <ignored/>
  </testcase> <!-- orderVerification -->
</testsuite> <!-- StandAloneTestUpdated -->
