<?xml version="1.0" encoding="UTF-8"?>
<testsuite xmlns:xsi="http://www.w3.org/2001/XMLSchema-instance" xsi:noNamespaceSchemaLocation="https://maven.apache.org/surefire/maven-surefire-plugin/xsd/surefire-test-report.xsd" name="TestSuite" time="45.4" tests="5" errors="0" skipped="0" failures="0">
  <properties>
[...]
</properties>
  <testcase name="verifyInvalidLogin" classname="seleniumProject.ErrorValidationsTest" time="1.021"/>
  <testcase name="verifyProductInCart" classname="seleniumProject.ErrorValidationsTest" time="3.637"/>
  <testcase name="submitOrder" classname="seleniumProject.StandAloneTestUpdatedTest" time="7.538"/>
  <testcase name="submitOrder" classname="seleniumProject.StandAloneTestUpdatedTest" time="7.333"/>
  <testcase name="orderVerification" classname="seleniumProject.StandAloneTestUpdatedTest" time="1.839"/>
</testsuite>