<?xml version="1.0" encoding="UTF-8"?>
<testng-results ignored="0" total="1" passed="1" failed="0" skipped="0">
  <reporter-output>
  </reporter-output>
  <suite started-at="2023-06-19T13:01:56 IST" name="Default suite" finished-at="2023-06-19T13:02:03 IST" duration-ms="6312">
    <groups>
    </groups>
    <test started-at="2023-06-19T13:01:56 IST" name="Default test" finished-at="2023-06-19T13:02:03 IST" duration-ms="6312">
      <class name="vipinDhiman.ExtentReports.ExtentReportDemo">
        <test-method is-config="true" signature="config()[pri:0, instance:vipinDhiman.ExtentReports.ExtentReportDemo@5b03b9fe]" started-at="2023-06-19T13:01:56 IST" name="config" finished-at="2023-06-19T13:01:57 IST" duration-ms="431" status="PASS">
          <reporter-output>
          </reporter-output>
        </test-method> <!-- config -->
        <test-method signature="initialDemo()[pri:0, instance:vipinDhiman.ExtentReports.ExtentReportDemo@5b03b9fe]" started-at="2023-06-19T13:01:57 IST" name="initialDemo" finished-at="2023-06-19T13:02:03 IST" duration-ms="5830" status="PASS">
          <reporter-output>
          </reporter-output>
        </test-method> <!-- initialDemo -->
      </class> <!-- vipinDhiman.ExtentReports.ExtentReportDemo -->
    </test> <!-- Default test -->
  </suite> <!-- Default suite -->
</testng-results>
