<?xml version="1.0" encoding="UTF-8"?>
<!-- Generated by org.testng.reporters.JUnitXMLReporter -->
<testsuite hostname="Aashi" ignored="0" name="StandAloneTestUpdated" tests="3" failures="0" timestamp="2023-06-23T23:51:44 IST" time="28.624" errors="0">
  <testcase name="submitOrder" time="7.13" classname="seleniumProject.StandAloneTestUpdatedTest"/>
  <testcase name="submitOrder" time="7.333" classname="seleniumProject.StandAloneTestUpdatedTest"/>
  <testcase name="orderVerification" time="1.656" classname="seleniumProject.StandAloneTestUpdatedTest"/>
</testsuite> <!-- StandAloneTestUpdated -->
