<?xml version="1.0" encoding="UTF-8"?>
<!-- Generated by org.testng.reporters.JUnitXMLReporter -->
<testsuite ignored="0" hostname="Aashi" failures="0" tests="4" name="Car Loan" time="0.102" errors="0" timestamp="2023-06-06T16:29:03 IST">
  <testcase classname="test.day3" name="dy3" time="0.015"/>
  <testcase classname="test.day3" name="mobileSignOut" time="0.003"/>
  <testcase classname="test.day3" name="mobileSignOut" time="0.001"/>
  <testcase classname="test.day3" name="mobileSignOut" time="0.001"/>
</testsuite> <!-- Car Loan -->
