<?xml version="1.0" encoding="UTF-8"?>
<!-- Generated by org.testng.reporters.JUnitXMLReporter -->
<testsuite hostname="Aashi" ignored="0" name="StandAloneTestUpdated" tests="3" failures="0" timestamp="2023-06-20T19:40:40 IST" time="31.793" errors="0">
  <testcase name="submitOrder" time="7.295" classname="seleniumProject.StandAloneTestUpdatedTest"/>
  <testcase name="submitOrder" time="8.535" classname="seleniumProject.StandAloneTestUpdatedTest"/>
  <testcase name="orderVerification" time="1.584" classname="seleniumProject.StandAloneTestUpdatedTest"/>
</testsuite> <!-- StandAloneTestUpdated -->
