<?xml version="1.0" encoding="UTF-8"?>
<!-- Generated by org.testng.reporters.JUnitXMLReporter -->
<testsuite ignored="0" hostname="Aashi" failures="0" tests="3" name="Default test" time="0.952" errors="0" timestamp="2023-06-28T18:28:02 IST">
  <testcase classname="Fremwork.ExcelDriven.DataProviderExcel" name="readExcelData" time="0.008"/>
  <testcase classname="Fremwork.ExcelDriven.DataProviderExcel" name="readExcelData" time="0.002"/>
  <testcase classname="Fremwork.ExcelDriven.DataProviderExcel" name="readExcelData" time="0.002"/>
</testsuite> <!-- Default test -->
