<?xml version="1.0" encoding="UTF-8"?>
<testsuite xmlns:xsi="http://www.w3.org/2001/XMLSchema-instance" xsi:noNamespaceSchemaLocation="https://maven.apache.org/surefire/maven-surefire-plugin/xsd/surefire-test-report-3.0.xsd" version="3.0" name="TestSuite" time="28.51" tests="3" errors="0" skipped="0" failures="0">
  <properties>
[...]
</properties>
  <testcase name="titleCheck" classname="crossBrowser.CrossBrowserTesting.TestDemo" time="17.58">
    <system-err><![CDATA[Jul 02, 2023 1:31:48 PM org.openqa.selenium.remote.tracing.opentelemetry.OpenTelemetryTracer createTracer
INFO: Using OpenTelemetry for tracing
]]></system-err>
  </testcase>
  <testcase name="titleCheck" classname="crossBrowser.CrossBrowserTesting.TestDemo" time="17.6"/>
  <testcase name="titleCheck" classname="crossBrowser.CrossBrowserTesting.TestDemo" time="23.94"/>
</testsuite>